<?xml version="1.0" encoding="UTF-8"?>
<testng-results ignored="0" total="1" passed="1" failed="0" skipped="0">
  <reporter-output>
  </reporter-output>
  <suite started-at="2025-11-03T16:14:18 IST" name="Default suite" finished-at="2025-11-03T16:15:16 IST" duration-ms="57735">
    <groups>
      <group name="cucumber">
        <method signature="CustomizeTestNGCucumberRunner.runScenario(io.cucumber.testng.PickleWrapper,io.cucumber.testng.FeatureWrapper)[pri:0, instance:com.runner.Runner@6ff29830]" name="runScenario" class="com.baseclass.CustomizeTestNGCucumberRunner"/>
      </group> <!-- cucumber -->
    </groups>
    <test started-at="2025-11-03T16:14:18 IST" name="Default test" finished-at="2025-11-03T16:15:16 IST" duration-ms="57735">
      <class name="com.runner.Runner">
        <test-method is-config="true" signature="setUpClass(org.testng.ITestContext)[pri:0, instance:com.runner.Runner@6ff29830]" started-at="2025-11-03T16:14:18 IST" name="setUpClass" finished-at="2025-11-03T16:14:20 IST" duration-ms="1454" status="PASS">
          <params>
            <param index="0">
              <value>
                <![CDATA[org.testng.TestRunner@1552da16]]>
              </value>
            </param>
          </params>
          <reporter-output>
          </reporter-output>
        </test-method> <!-- setUpClass -->
        <test-method signature="runScenario(io.cucumber.testng.PickleWrapper,io.cucumber.testng.FeatureWrapper)[pri:0, instance:com.runner.Runner@6ff29830]" started-at="2025-11-03T16:14:20 IST" name="runScenario" description="Runs Cucumber Scenarios" data-provider="scenarios" finished-at="2025-11-03T16:15:13 IST" duration-ms="52700" status="PASS">
          <params>
            <param index="0">
              <value>
                <![CDATA["Verify sent message appears in inbox conversation and navigation back to Jobs page"]]>
              </value>
            </param>
            <param index="1">
              <value>
                <![CDATA["Verify sending a message and inbox conversation flow"]]>
              </value>
            </param>
          </params>
          <reporter-output>
          </reporter-output>
        </test-method> <!-- runScenario -->
        <test-method is-config="true" signature="tearDownClass()[pri:0, instance:com.runner.Runner@6ff29830]" started-at="2025-11-03T16:15:13 IST" name="tearDownClass" finished-at="2025-11-03T16:15:16 IST" duration-ms="3513" status="PASS">
          <reporter-output>
          </reporter-output>
        </test-method> <!-- tearDownClass -->
      </class> <!-- com.runner.Runner -->
    </test> <!-- Default test -->
  </suite> <!-- Default suite -->
</testng-results>
