<?xml version="1.0" encoding="UTF-8"?>
<testng-results ignored="0" total="2" passed="2" failed="0" skipped="0">
  <reporter-output>
  </reporter-output>
  <suite started-at="2025-11-09T20:42:27 IST" name="Suite" finished-at="2025-11-09T20:45:13 IST" duration-ms="166021">
    <groups>
      <group name="cucumber">
        <method signature="CustomizeTestNGCucumberRunner.runScenario(io.cucumber.testng.PickleWrapper,io.cucumber.testng.FeatureWrapper)[pri:0, instance:com.runner.Runner@22d6f11]" name="runScenario" class="com.baseclass.CustomizeTestNGCucumberRunner"/>
      </group> <!-- cucumber -->
    </groups>
    <test started-at="2025-11-09T20:42:27 IST" name="Test" finished-at="2025-11-09T20:45:13 IST" duration-ms="166021">
      <class name="com.runner.Runner">
        <test-method is-config="true" signature="setUpClass(org.testng.ITestContext)[pri:0, instance:com.runner.Runner@22d6f11]" started-at="2025-11-09T20:42:27 IST" name="setUpClass" finished-at="2025-11-09T20:42:29 IST" duration-ms="1300" status="PASS">
          <params>
            <param index="0">
              <value>
                <![CDATA[org.testng.TestRunner@1e6bd367]]>
              </value>
            </param>
          </params>
          <reporter-output>
          </reporter-output>
        </test-method> <!-- setUpClass -->
        <test-method signature="runScenario(io.cucumber.testng.PickleWrapper,io.cucumber.testng.FeatureWrapper)[pri:0, instance:com.runner.Runner@22d6f11]" started-at="2025-11-09T20:42:29 IST" name="runScenario" description="Runs Cucumber Scenarios" data-provider="scenarios" finished-at="2025-11-09T20:43:24 IST" duration-ms="55305" status="PASS">
          <params>
            <param index="0">
              <value>
                <![CDATA["Verify sent message appears in inbox conversation and navigation back to Jobs page"]]>
              </value>
            </param>
            <param index="1">
              <value>
                <![CDATA["Verify user workflows under Career and Messaging modules"]]>
              </value>
            </param>
          </params>
          <reporter-output>
          </reporter-output>
        </test-method> <!-- runScenario -->
        <test-method signature="runScenario(io.cucumber.testng.PickleWrapper,io.cucumber.testng.FeatureWrapper)[pri:0, instance:com.runner.Runner@22d6f11]" started-at="2025-11-09T20:43:24 IST" name="runScenario" description="Runs Cucumber Scenarios" data-provider="scenarios" finished-at="2025-11-09T20:45:07 IST" duration-ms="103440" status="PASS">
          <params>
            <param index="0">
              <value>
                <![CDATA["Verify career path navigation, selection, and recently viewed careers display"]]>
              </value>
            </param>
            <param index="1">
              <value>
                <![CDATA["Verify user workflows under Career and Messaging modules"]]>
              </value>
            </param>
          </params>
          <reporter-output>
          </reporter-output>
        </test-method> <!-- runScenario -->
        <test-method is-config="true" signature="tearDownClass()[pri:0, instance:com.runner.Runner@22d6f11]" started-at="2025-11-09T20:45:07 IST" name="tearDownClass" finished-at="2025-11-09T20:45:13 IST" duration-ms="5893" status="PASS">
          <reporter-output>
          </reporter-output>
        </test-method> <!-- tearDownClass -->
      </class> <!-- com.runner.Runner -->
    </test> <!-- Test -->
  </suite> <!-- Suite -->
</testng-results>
